<?xml version="1.0" encoding="UTF-8"?>
<!-- Generated by org.testng.reporters.JUnitReportReporter -->
<testsuite skipped="0" hostname="DESKTOP-KLNFU14" name="tests.LoginTest" tests="2" failures="0" timestamp="2019-12-02T21:38:36 CET" time="36.055" errors="0">
  <testcase name="basicLogin" time="21.091" classname="tests.LoginTest"/>
  <testcase name="addNewEmployee" time="14.964" classname="tests.LoginTest"/>
</testsuite> <!-- tests.LoginTest -->
